\BOOKMARK [0][-]{chapter*.1}{Agradecimientos}{}% 1
\BOOKMARK [0][-]{chapter*.2}{Resumen}{}% 2
\BOOKMARK [0][-]{chapter*.3}{Abstract}{}% 3
\BOOKMARK [0][-]{chapter*.4}{\315ndice de Contenidos}{}% 4
\BOOKMARK [0][-]{chapter*.5}{Lista de Tablas}{}% 5
\BOOKMARK [0][-]{chapter*.6}{Lista de Figuras}{}% 6
\BOOKMARK [0][-]{chapter*.7}{Glosario}{}% 7
\BOOKMARK [0][-]{chapter*.8}{Introducci\363n}{}% 8
\BOOKMARK [0][-]{chapter.1}{Definici\363n del Problema}{}% 9
\BOOKMARK [1][-]{section.1.1}{Contexto}{chapter.1}% 10
\BOOKMARK [1][-]{section.1.2}{Identificaci\363n del problema}{chapter.1}% 11
\BOOKMARK [1][-]{section.1.3}{Objetivos de la Soluci\363n}{chapter.1}% 12
\BOOKMARK [2][-]{subsection.1.3.1}{Objetivo General}{section.1.3}% 13
\BOOKMARK [2][-]{subsection.1.3.2}{Objetivos Espec\355ficos}{section.1.3}% 14
\BOOKMARK [1][-]{section.1.4}{Impactos y alcances}{chapter.1}% 15
\BOOKMARK [2][-]{subsection.1.4.1}{Impactos}{section.1.4}% 16
\BOOKMARK [2][-]{subsection.1.4.2}{Alcances}{section.1.4}% 17
\BOOKMARK [0][-]{chapter.2}{Marco Te\363rico}{}% 18
\BOOKMARK [1][-]{section.2.1}{Nursoft}{chapter.2}% 19
\BOOKMARK [2][-]{subsection.2.1.1}{Reporte}{section.2.1}% 20
\BOOKMARK [2][-]{subsection.2.1.2}{Herramientas de gesti\363n de proyecto utilizadas}{section.2.1}% 21
\BOOKMARK [1][-]{section.2.2}{Plataforma}{chapter.2}% 22
\BOOKMARK [2][-]{subsection.2.2.1}{Arquitectura}{section.2.2}% 23
\BOOKMARK [2][-]{subsection.2.2.2}{Experiencia}{section.2.2}% 24
\BOOKMARK [2][-]{subsection.2.2.3}{Infraestructura}{section.2.2}% 25
\BOOKMARK [2][-]{subsection.2.2.4}{Desarrollo}{section.2.2}% 26
\BOOKMARK [0][-]{chapter.3}{Propuesta}{}% 27
\BOOKMARK [0][-]{chapter.4}{Implementaci\363n}{}% 28
\BOOKMARK [0][-]{chapter*.14}{Conclusiones}{}% 29
\BOOKMARK [0][-]{chapter*.15}{Bibliograf\355a}{}% 30
